<?xml version="1.0" encoding="UTF-8"?>
<testng-results skipped="0" failed="0" ignored="0" total="1" passed="1">
  <reporter-output>
  </reporter-output>
  <suite name="Surefire suite" duration-ms="9554" started-at="2019-06-30T00:48:39Z" finished-at="2019-06-30T00:48:48Z">
    <groups>
    </groups>
    <test name="Surefire test" duration-ms="9554" started-at="2019-06-30T00:48:39Z" finished-at="2019-06-30T00:48:48Z">
      <class name="com.music.mp3Library.DemoApplicationTests">
        <test-method status="PASS" signature="contextLoads()" name="contextLoads" duration-ms="8574" started-at="2019-06-30T03:48:40Z" finished-at="2019-06-30T03:48:48Z">
          <reporter-output>
          </reporter-output>
        </test-method> <!-- contextLoads -->
      </class> <!-- com.music.mp3Library.DemoApplicationTests -->
    </test> <!-- Surefire test -->
  </suite> <!-- Surefire suite -->
</testng-results>
