<?xml version="1.0" encoding="UTF-8"?>
<testsuite xmlns:xsi="http://www.w3.org/2001/XMLSchema-instance" xsi:noNamespaceSchemaLocation="https://maven.apache.org/surefire/maven-surefire-plugin/xsd/surefire-test-report.xsd" name="com.music.mp3Library.DemoApplicationTests" time="5.583" tests="1" errors="0" skipped="0" failures="0">
  <properties>
[...]
</properties>
  <testcase name="contextLoads on contextLoads(com.music.mp3Library.DemoApplicationTests)" classname="com.music.mp3Library.DemoApplicationTests" time="0.037"/>
</testsuite>